(N) 2025-12-15T01:51:58 - Added new torrent. Torrent: "Cruella.2021.2160p.DSNP.WEB-DL.x265.10bit.HDR.DDP5.1.Atmos-CM"
(N) 2025-12-15T02:26:25 - WebAPI login success. IP: ::ffff:172.20.0.3
(N) 2025-12-15T02:26:25 - Added new torrent. Torrent: "The.Tomorrow.War.2021.2160p.AMZN.WEB-DL.x265.10bit.HDR10Plus.DDP5.1-NAISU"
(N) 2025-12-15T02:56:30 - WebAPI login success. IP: ::ffff:172.20.0.3
(N) 2025-12-15T02:56:31 - Added new torrent. Torrent: "Geostorm (2017) [1080p] [YTS] [YIFY]"
(N) 2025-12-15T03:03:24 - Torrent download finished. Torrent: "Geostorm (2017) [1080p] [YTS] [YIFY]"
(N) 2025-12-15T03:14:47 - Torrent download finished. Torrent: "Cruella.2021.2160p.DSNP.WEB-DL.x265.10bit.HDR.DDP5.1.Atmos-CM"
(N) 2025-12-15T05:30:43 - Torrent download finished. Torrent: "The.Tomorrow.War.2021.2160p.AMZN.WEB-DL.x265.10bit.HDR10Plus.DDP5.1-NAISU"
(W) 2025-12-15T13:38:51 - File error alert. Torrent: "The.Tomorrow.War.2021.2160p.AMZN.WEB-DL.x265.10bit.HDR10Plus.DDP5.1-NAISU". File: "/downloads/EmblyFiles/Movies/The.Tomorrow.War..2160p.AMZN.WEB-DL.x265.10bit.HDR10Plus.DDP5... (2021)/The.Tomorrow.War.2021.HDR.2160p.WEB.H265-NAISU/Sample/the.tomorrow.war.2021.hdr.2160p.web.h265-naisu-sample.mkv". Reason: "The.Tomorrow.War.2021.HDR.2160p.WEB.H265-NAISU file_open (/downloads/EmblyFiles/Movies/The.Tomorrow.War..2160p.AMZN.WEB-DL.x265.10bit.HDR10Plus.DDP5... (2021)/The.Tomorrow.War.2021.HDR.2160p.WEB.H265-NAISU/Sample/the.tomorrow.war.2021.hdr.2160p.web.h265-naisu-sample.mkv) error: No such file or directory"
(W) 2025-12-15T13:39:56 - File error alert. Torrent: "The.Tomorrow.War.2021.2160p.AMZN.WEB-DL.x265.10bit.HDR10Plus.DDP5.1-NAISU". File: "/downloads/EmblyFiles/Movies/The.Tomorrow.War..2160p.AMZN.WEB-DL.x265.10bit.HDR10Plus.DDP5... (2021)/The.Tomorrow.War.2021.HDR.2160p.WEB.H265-NAISU/Sample/the.tomorrow.war.2021.hdr.2160p.web.h265-naisu-sample.mkv". Reason: "The.Tomorrow.War.2021.HDR.2160p.WEB.H265-NAISU file_open (/downloads/EmblyFiles/Movies/The.Tomorrow.War..2160p.AMZN.WEB-DL.x265.10bit.HDR10Plus.DDP5... (2021)/The.Tomorrow.War.2021.HDR.2160p.WEB.H265-NAISU/Sample/the.tomorrow.war.2021.hdr.2160p.web.h265-naisu-sample.mkv) error: No such file or directory"
(W) 2025-12-15T13:42:15 - File error alert. Torrent: "The.Tomorrow.War.2021.2160p.AMZN.WEB-DL.x265.10bit.HDR10Plus.DDP5.1-NAISU". File: "/downloads/EmblyFiles/Movies/The.Tomorrow.War..2160p.AMZN.WEB-DL.x265.10bit.HDR10Plus.DDP5... (2021)/The.Tomorrow.War.2021.HDR.2160p.WEB.H265-NAISU/Sample/the.tomorrow.war.2021.hdr.2160p.web.h265-naisu-sample.mkv". Reason: "The.Tomorrow.War.2021.HDR.2160p.WEB.H265-NAISU file_open (/downloads/EmblyFiles/Movies/The.Tomorrow.War..2160p.AMZN.WEB-DL.x265.10bit.HDR10Plus.DDP5... (2021)/The.Tomorrow.War.2021.HDR.2160p.WEB.H265-NAISU/Sample/the.tomorrow.war.2021.hdr.2160p.web.h265-naisu-sample.mkv) error: No such file or directory"
(W) 2025-12-15T13:45:23 - File error alert. Torrent: "The.Tomorrow.War.2021.2160p.AMZN.WEB-DL.x265.10bit.HDR10Plus.DDP5.1-NAISU". File: "/downloads/EmblyFiles/Movies/The.Tomorrow.War..2160p.AMZN.WEB-DL.x265.10bit.HDR10Plus.DDP5... (2021)/The.Tomorrow.War.2021.HDR.2160p.WEB.H265-NAISU/Sample/the.tomorrow.war.2021.hdr.2160p.web.h265-naisu-sample.mkv". Reason: "The.Tomorrow.War.2021.HDR.2160p.WEB.H265-NAISU file_open (/downloads/EmblyFiles/Movies/The.Tomorrow.War..2160p.AMZN.WEB-DL.x265.10bit.HDR10Plus.DDP5... (2021)/The.Tomorrow.War.2021.HDR.2160p.WEB.H265-NAISU/Sample/the.tomorrow.war.2021.hdr.2160p.web.h265-naisu-sample.mkv) error: No such file or directory"
(W) 2025-12-15T14:21:47 - File error alert. Torrent: "The.Tomorrow.War.2021.2160p.AMZN.WEB-DL.x265.10bit.HDR10Plus.DDP5.1-NAISU". File: "/downloads/EmblyFiles/Movies/The.Tomorrow.War..2160p.AMZN.WEB-DL.x265.10bit.HDR10Plus.DDP5... (2021)/The.Tomorrow.War.2021.HDR.2160p.WEB.H265-NAISU/Sample/the.tomorrow.war.2021.hdr.2160p.web.h265-naisu-sample.mkv". Reason: "The.Tomorrow.War.2021.HDR.2160p.WEB.H265-NAISU file_open (/downloads/EmblyFiles/Movies/The.Tomorrow.War..2160p.AMZN.WEB-DL.x265.10bit.HDR10Plus.DDP5... (2021)/The.Tomorrow.War.2021.HDR.2160p.WEB.H265-NAISU/Sample/the.tomorrow.war.2021.hdr.2160p.web.h265-naisu-sample.mkv) error: No such file or directory"
(W) 2025-12-15T14:23:28 - File error alert. Torrent: "The.Tomorrow.War.2021.2160p.AMZN.WEB-DL.x265.10bit.HDR10Plus.DDP5.1-NAISU". File: "/downloads/EmblyFiles/Movies/The.Tomorrow.War..2160p.AMZN.WEB-DL.x265.10bit.HDR10Plus.DDP5... (2021)/The.Tomorrow.War.2021.HDR.2160p.WEB.H265-NAISU/Sample/the.tomorrow.war.2021.hdr.2160p.web.h265-naisu-sample.mkv". Reason: "The.Tomorrow.War.2021.HDR.2160p.WEB.H265-NAISU file_open (/downloads/EmblyFiles/Movies/The.Tomorrow.War..2160p.AMZN.WEB-DL.x265.10bit.HDR10Plus.DDP5... (2021)/The.Tomorrow.War.2021.HDR.2160p.WEB.H265-NAISU/Sample/the.tomorrow.war.2021.hdr.2160p.web.h265-naisu-sample.mkv) error: No such file or directory"
(W) 2025-12-15T14:27:03 - File error alert. Torrent: "The.Tomorrow.War.2021.2160p.AMZN.WEB-DL.x265.10bit.HDR10Plus.DDP5.1-NAISU". File: "/downloads/EmblyFiles/Movies/The.Tomorrow.War..2160p.AMZN.WEB-DL.x265.10bit.HDR10Plus.DDP5... (2021)/The.Tomorrow.War.2021.HDR.2160p.WEB.H265-NAISU/Sample/the.tomorrow.war.2021.hdr.2160p.web.h265-naisu-sample.mkv". Reason: "The.Tomorrow.War.2021.HDR.2160p.WEB.H265-NAISU file_open (/downloads/EmblyFiles/Movies/The.Tomorrow.War..2160p.AMZN.WEB-DL.x265.10bit.HDR10Plus.DDP5... (2021)/The.Tomorrow.War.2021.HDR.2160p.WEB.H265-NAISU/Sample/the.tomorrow.war.2021.hdr.2160p.web.h265-naisu-sample.mkv) error: No such file or directory"
(W) 2025-12-15T14:38:01 - File error alert. Torrent: "The.Tomorrow.War.2021.2160p.AMZN.WEB-DL.x265.10bit.HDR10Plus.DDP5.1-NAISU". File: "/downloads/EmblyFiles/Movies/The.Tomorrow.War..2160p.AMZN.WEB-DL.x265.10bit.HDR10Plus.DDP5... (2021)/The.Tomorrow.War.2021.HDR.2160p.WEB.H265-NAISU/Sample/the.tomorrow.war.2021.hdr.2160p.web.h265-naisu-sample.mkv". Reason: "The.Tomorrow.War.2021.HDR.2160p.WEB.H265-NAISU file_open (/downloads/EmblyFiles/Movies/The.Tomorrow.War..2160p.AMZN.WEB-DL.x265.10bit.HDR10Plus.DDP5... (2021)/The.Tomorrow.War.2021.HDR.2160p.WEB.H265-NAISU/Sample/the.tomorrow.war.2021.hdr.2160p.web.h265-naisu-sample.mkv) error: No such file or directory"
(W) 2025-12-15T14:46:03 - File error alert. Torrent: "The.Tomorrow.War.2021.2160p.AMZN.WEB-DL.x265.10bit.HDR10Plus.DDP5.1-NAISU". File: "/downloads/EmblyFiles/Movies/The.Tomorrow.War..2160p.AMZN.WEB-DL.x265.10bit.HDR10Plus.DDP5... (2021)/The.Tomorrow.War.2021.HDR.2160p.WEB.H265-NAISU/Sample/the.tomorrow.war.2021.hdr.2160p.web.h265-naisu-sample.mkv". Reason: "The.Tomorrow.War.2021.HDR.2160p.WEB.H265-NAISU file_open (/downloads/EmblyFiles/Movies/The.Tomorrow.War..2160p.AMZN.WEB-DL.x265.10bit.HDR10Plus.DDP5... (2021)/The.Tomorrow.War.2021.HDR.2160p.WEB.H265-NAISU/Sample/the.tomorrow.war.2021.hdr.2160p.web.h265-naisu-sample.mkv) error: No such file or directory"
(W) 2025-12-15T14:52:05 - File error alert. Torrent: "The.Tomorrow.War.2021.2160p.AMZN.WEB-DL.x265.10bit.HDR10Plus.DDP5.1-NAISU". File: "/downloads/EmblyFiles/Movies/The.Tomorrow.War..2160p.AMZN.WEB-DL.x265.10bit.HDR10Plus.DDP5... (2021)/The.Tomorrow.War.2021.HDR.2160p.WEB.H265-NAISU/Sample/the.tomorrow.war.2021.hdr.2160p.web.h265-naisu-sample.mkv". Reason: "The.Tomorrow.War.2021.HDR.2160p.WEB.H265-NAISU file_open (/downloads/EmblyFiles/Movies/The.Tomorrow.War..2160p.AMZN.WEB-DL.x265.10bit.HDR10Plus.DDP5... (2021)/The.Tomorrow.War.2021.HDR.2160p.WEB.H265-NAISU/Sample/the.tomorrow.war.2021.hdr.2160p.web.h265-naisu-sample.mkv) error: No such file or directory"
(N) 2025-12-15T14:58:46 - WebAPI login success. IP: ::ffff:172.20.0.3
(N) 2025-12-15T14:58:46 - Added new torrent. Torrent: "Avatar.The.Way.of.Water.2022.2160p.UHD.CAM.x265.AAC-AOC"
(N) 2025-12-15T15:09:35 - WebAPI login success. IP: ::ffff:172.20.0.1
(N) 2025-12-15T15:15:00 - WebAPI login success. IP: ::ffff:172.20.0.3
(N) 2025-12-15T15:15:01 - Added new torrent. Torrent: "The Hunger Games 2012 UHD BluRay 2160p DV HEVC TrueHD Atmos 7 1-E"
(N) 2025-12-15T15:17:04 - Torrent removed. Torrent: "Avatar.The.Way.of.Water.2022.2160p.UHD.CAM.x265.AAC-AOC"
(W) 2025-12-15T15:19:30 - File error alert. Torrent: "The.Tomorrow.War.2021.2160p.AMZN.WEB-DL.x265.10bit.HDR10Plus.DDP5.1-NAISU". File: "/downloads/EmblyFiles/Movies/The.Tomorrow.War..2160p.AMZN.WEB-DL.x265.10bit.HDR10Plus.DDP5... (2021)/The.Tomorrow.War.2021.HDR.2160p.WEB.H265-NAISU/Sample/the.tomorrow.war.2021.hdr.2160p.web.h265-naisu-sample.mkv". Reason: "The.Tomorrow.War.2021.HDR.2160p.WEB.H265-NAISU file_open (/downloads/EmblyFiles/Movies/The.Tomorrow.War..2160p.AMZN.WEB-DL.x265.10bit.HDR10Plus.DDP5... (2021)/The.Tomorrow.War.2021.HDR.2160p.WEB.H265-NAISU/Sample/the.tomorrow.war.2021.hdr.2160p.web.h265-naisu-sample.mkv) error: No such file or directory"
(N) 2025-12-15T15:25:11 - WebAPI login success. IP: ::ffff:172.20.0.3
(N) 2025-12-15T15:25:11 - Added new torrent. Torrent: "The Hunger Games - Catching Fire (2013) (2160p BluRay x265 HEVC 10bit HDR AAC 7.1 Tigole) [QxR]"
(N) 2025-12-15T15:27:39 - WebAPI login success. IP: ::ffff:172.20.0.3
(N) 2025-12-15T15:27:39 - Added new torrent. Torrent: "The Hunger Games: Mockingjay - Part 1 (2014) 1080p BrRip x264 - YIFY"
(N) 2025-12-15T15:34:34 - Torrent download finished. Torrent: "The Hunger Games: Mockingjay - Part 1 (2014) 1080p BrRip x264 - YIFY"
(N) 2025-12-15T15:35:46 - WebAPI login success. IP: ::ffff:172.20.0.3
(N) 2025-12-15T15:35:46 - Added new torrent. Torrent: "The Hunger Games Mockingjay Part 2 2015 UHD BluRay 2160p DV HEVC TrueHD Atmos 7 1-E"
(W) 2025-12-15T15:36:36 - File error alert. Torrent: "The.Tomorrow.War.2021.2160p.AMZN.WEB-DL.x265.10bit.HDR10Plus.DDP5.1-NAISU". File: "/downloads/EmblyFiles/Movies/The.Tomorrow.War..2160p.AMZN.WEB-DL.x265.10bit.HDR10Plus.DDP5... (2021)/The.Tomorrow.War.2021.HDR.2160p.WEB.H265-NAISU/Sample/the.tomorrow.war.2021.hdr.2160p.web.h265-naisu-sample.mkv". Reason: "The.Tomorrow.War.2021.HDR.2160p.WEB.H265-NAISU file_open (/downloads/EmblyFiles/Movies/The.Tomorrow.War..2160p.AMZN.WEB-DL.x265.10bit.HDR10Plus.DDP5... (2021)/The.Tomorrow.War.2021.HDR.2160p.WEB.H265-NAISU/Sample/the.tomorrow.war.2021.hdr.2160p.web.h265-naisu-sample.mkv) error: No such file or directory"
(W) 2025-12-15T15:36:39 - File error alert. Torrent: "The.Tomorrow.War.2021.2160p.AMZN.WEB-DL.x265.10bit.HDR10Plus.DDP5.1-NAISU". File: "/downloads/EmblyFiles/Movies/The.Tomorrow.War..2160p.AMZN.WEB-DL.x265.10bit.HDR10Plus.DDP5... (2021)/The.Tomorrow.War.2021.HDR.2160p.WEB.H265-NAISU/Sample/the.tomorrow.war.2021.hdr.2160p.web.h265-naisu-sample.mkv". Reason: "The.Tomorrow.War.2021.HDR.2160p.WEB.H265-NAISU file_open (/downloads/EmblyFiles/Movies/The.Tomorrow.War..2160p.AMZN.WEB-DL.x265.10bit.HDR10Plus.DDP5... (2021)/The.Tomorrow.War.2021.HDR.2160p.WEB.H265-NAISU/Sample/the.tomorrow.war.2021.hdr.2160p.web.h265-naisu-sample.mkv) error: No such file or directory"
(W) 2025-12-15T16:15:22 - File error alert. Torrent: "The.Tomorrow.War.2021.2160p.AMZN.WEB-DL.x265.10bit.HDR10Plus.DDP5.1-NAISU". File: "/downloads/EmblyFiles/Movies/The.Tomorrow.War..2160p.AMZN.WEB-DL.x265.10bit.HDR10Plus.DDP5... (2021)/The.Tomorrow.War.2021.HDR.2160p.WEB.H265-NAISU/Sample/the.tomorrow.war.2021.hdr.2160p.web.h265-naisu-sample.mkv". Reason: "The.Tomorrow.War.2021.HDR.2160p.WEB.H265-NAISU file_open (/downloads/EmblyFiles/Movies/The.Tomorrow.War..2160p.AMZN.WEB-DL.x265.10bit.HDR10Plus.DDP5... (2021)/The.Tomorrow.War.2021.HDR.2160p.WEB.H265-NAISU/Sample/the.tomorrow.war.2021.hdr.2160p.web.h265-naisu-sample.mkv) error: No such file or directory"
(W) 2025-12-15T16:20:01 - File error alert. Torrent: "The.Tomorrow.War.2021.2160p.AMZN.WEB-DL.x265.10bit.HDR10Plus.DDP5.1-NAISU". File: "/downloads/EmblyFiles/Movies/The.Tomorrow.War..2160p.AMZN.WEB-DL.x265.10bit.HDR10Plus.DDP5... (2021)/The.Tomorrow.War.2021.HDR.2160p.WEB.H265-NAISU/Sample/the.tomorrow.war.2021.hdr.2160p.web.h265-naisu-sample.mkv". Reason: "The.Tomorrow.War.2021.HDR.2160p.WEB.H265-NAISU file_open (/downloads/EmblyFiles/Movies/The.Tomorrow.War..2160p.AMZN.WEB-DL.x265.10bit.HDR10Plus.DDP5... (2021)/The.Tomorrow.War.2021.HDR.2160p.WEB.H265-NAISU/Sample/the.tomorrow.war.2021.hdr.2160p.web.h265-naisu-sample.mkv) error: No such file or directory"
(W) 2025-12-15T16:37:43 - File error alert. Torrent: "The.Tomorrow.War.2021.2160p.AMZN.WEB-DL.x265.10bit.HDR10Plus.DDP5.1-NAISU". File: "/downloads/EmblyFiles/Movies/The.Tomorrow.War..2160p.AMZN.WEB-DL.x265.10bit.HDR10Plus.DDP5... (2021)/The.Tomorrow.War.2021.HDR.2160p.WEB.H265-NAISU/Sample/the.tomorrow.war.2021.hdr.2160p.web.h265-naisu-sample.mkv". Reason: "The.Tomorrow.War.2021.HDR.2160p.WEB.H265-NAISU file_open (/downloads/EmblyFiles/Movies/The.Tomorrow.War..2160p.AMZN.WEB-DL.x265.10bit.HDR10Plus.DDP5... (2021)/The.Tomorrow.War.2021.HDR.2160p.WEB.H265-NAISU/Sample/the.tomorrow.war.2021.hdr.2160p.web.h265-naisu-sample.mkv) error: No such file or directory"
(W) 2025-12-15T16:38:47 - File error alert. Torrent: "The.Tomorrow.War.2021.2160p.AMZN.WEB-DL.x265.10bit.HDR10Plus.DDP5.1-NAISU". File: "/downloads/EmblyFiles/Movies/The.Tomorrow.War..2160p.AMZN.WEB-DL.x265.10bit.HDR10Plus.DDP5... (2021)/The.Tomorrow.War.2021.HDR.2160p.WEB.H265-NAISU/Sample/the.tomorrow.war.2021.hdr.2160p.web.h265-naisu-sample.mkv". Reason: "The.Tomorrow.War.2021.HDR.2160p.WEB.H265-NAISU file_open (/downloads/EmblyFiles/Movies/The.Tomorrow.War..2160p.AMZN.WEB-DL.x265.10bit.HDR10Plus.DDP5... (2021)/The.Tomorrow.War.2021.HDR.2160p.WEB.H265-NAISU/Sample/the.tomorrow.war.2021.hdr.2160p.web.h265-naisu-sample.mkv) error: No such file or directory"
(W) 2025-12-15T16:47:45 - File error alert. Torrent: "The.Tomorrow.War.2021.2160p.AMZN.WEB-DL.x265.10bit.HDR10Plus.DDP5.1-NAISU". File: "/downloads/EmblyFiles/Movies/The.Tomorrow.War..2160p.AMZN.WEB-DL.x265.10bit.HDR10Plus.DDP5... (2021)/The.Tomorrow.War.2021.HDR.2160p.WEB.H265-NAISU/Sample/the.tomorrow.war.2021.hdr.2160p.web.h265-naisu-sample.mkv". Reason: "The.Tomorrow.War.2021.HDR.2160p.WEB.H265-NAISU file_open (/downloads/EmblyFiles/Movies/The.Tomorrow.War..2160p.AMZN.WEB-DL.x265.10bit.HDR10Plus.DDP5... (2021)/The.Tomorrow.War.2021.HDR.2160p.WEB.H265-NAISU/Sample/the.tomorrow.war.2021.hdr.2160p.web.h265-naisu-sample.mkv) error: No such file or directory"
(W) 2025-12-15T16:48:53 - File error alert. Torrent: "The.Tomorrow.War.2021.2160p.AMZN.WEB-DL.x265.10bit.HDR10Plus.DDP5.1-NAISU". File: "/downloads/EmblyFiles/Movies/The.Tomorrow.War..2160p.AMZN.WEB-DL.x265.10bit.HDR10Plus.DDP5... (2021)/The.Tomorrow.War.2021.HDR.2160p.WEB.H265-NAISU/Sample/the.tomorrow.war.2021.hdr.2160p.web.h265-naisu-sample.mkv". Reason: "The.Tomorrow.War.2021.HDR.2160p.WEB.H265-NAISU file_open (/downloads/EmblyFiles/Movies/The.Tomorrow.War..2160p.AMZN.WEB-DL.x265.10bit.HDR10Plus.DDP5... (2021)/The.Tomorrow.War.2021.HDR.2160p.WEB.H265-NAISU/Sample/the.tomorrow.war.2021.hdr.2160p.web.h265-naisu-sample.mkv) error: No such file or directory"
(W) 2025-12-15T17:07:32 - File error alert. Torrent: "The.Tomorrow.War.2021.2160p.AMZN.WEB-DL.x265.10bit.HDR10Plus.DDP5.1-NAISU". File: "/downloads/EmblyFiles/Movies/The.Tomorrow.War..2160p.AMZN.WEB-DL.x265.10bit.HDR10Plus.DDP5... (2021)/The.Tomorrow.War.2021.HDR.2160p.WEB.H265-NAISU/Sample/the.tomorrow.war.2021.hdr.2160p.web.h265-naisu-sample.mkv". Reason: "The.Tomorrow.War.2021.HDR.2160p.WEB.H265-NAISU file_open (/downloads/EmblyFiles/Movies/The.Tomorrow.War..2160p.AMZN.WEB-DL.x265.10bit.HDR10Plus.DDP5... (2021)/The.Tomorrow.War.2021.HDR.2160p.WEB.H265-NAISU/Sample/the.tomorrow.war.2021.hdr.2160p.web.h265-naisu-sample.mkv) error: No such file or directory"
(W) 2025-12-15T17:26:21 - File error alert. Torrent: "The.Tomorrow.War.2021.2160p.AMZN.WEB-DL.x265.10bit.HDR10Plus.DDP5.1-NAISU". File: "/downloads/EmblyFiles/Movies/The.Tomorrow.War..2160p.AMZN.WEB-DL.x265.10bit.HDR10Plus.DDP5... (2021)/The.Tomorrow.War.2021.HDR.2160p.WEB.H265-NAISU/Sample/the.tomorrow.war.2021.hdr.2160p.web.h265-naisu-sample.mkv". Reason: "The.Tomorrow.War.2021.HDR.2160p.WEB.H265-NAISU file_open (/downloads/EmblyFiles/Movies/The.Tomorrow.War..2160p.AMZN.WEB-DL.x265.10bit.HDR10Plus.DDP5... (2021)/The.Tomorrow.War.2021.HDR.2160p.WEB.H265-NAISU/Sample/the.tomorrow.war.2021.hdr.2160p.web.h265-naisu-sample.mkv) error: No such file or directory"
(W) 2025-12-15T17:30:45 - File error alert. Torrent: "The.Tomorrow.War.2021.2160p.AMZN.WEB-DL.x265.10bit.HDR10Plus.DDP5.1-NAISU". File: "/downloads/EmblyFiles/Movies/The.Tomorrow.War..2160p.AMZN.WEB-DL.x265.10bit.HDR10Plus.DDP5... (2021)/The.Tomorrow.War.2021.HDR.2160p.WEB.H265-NAISU/Sample/the.tomorrow.war.2021.hdr.2160p.web.h265-naisu-sample.mkv". Reason: "The.Tomorrow.War.2021.HDR.2160p.WEB.H265-NAISU file_open (/downloads/EmblyFiles/Movies/The.Tomorrow.War..2160p.AMZN.WEB-DL.x265.10bit.HDR10Plus.DDP5... (2021)/The.Tomorrow.War.2021.HDR.2160p.WEB.H265-NAISU/Sample/the.tomorrow.war.2021.hdr.2160p.web.h265-naisu-sample.mkv) error: No such file or directory"
(W) 2025-12-15T17:31:57 - File error alert. Torrent: "The.Tomorrow.War.2021.2160p.AMZN.WEB-DL.x265.10bit.HDR10Plus.DDP5.1-NAISU". File: "/downloads/EmblyFiles/Movies/The.Tomorrow.War..2160p.AMZN.WEB-DL.x265.10bit.HDR10Plus.DDP5... (2021)/The.Tomorrow.War.2021.HDR.2160p.WEB.H265-NAISU/Sample/the.tomorrow.war.2021.hdr.2160p.web.h265-naisu-sample.mkv". Reason: "The.Tomorrow.War.2021.HDR.2160p.WEB.H265-NAISU file_open (/downloads/EmblyFiles/Movies/The.Tomorrow.War..2160p.AMZN.WEB-DL.x265.10bit.HDR10Plus.DDP5... (2021)/The.Tomorrow.War.2021.HDR.2160p.WEB.H265-NAISU/Sample/the.tomorrow.war.2021.hdr.2160p.web.h265-naisu-sample.mkv) error: No such file or directory"
(W) 2025-12-15T17:34:08 - File error alert. Torrent: "The.Tomorrow.War.2021.2160p.AMZN.WEB-DL.x265.10bit.HDR10Plus.DDP5.1-NAISU". File: "/downloads/EmblyFiles/Movies/The.Tomorrow.War..2160p.AMZN.WEB-DL.x265.10bit.HDR10Plus.DDP5... (2021)/The.Tomorrow.War.2021.HDR.2160p.WEB.H265-NAISU/Sample/the.tomorrow.war.2021.hdr.2160p.web.h265-naisu-sample.mkv". Reason: "The.Tomorrow.War.2021.HDR.2160p.WEB.H265-NAISU file_open (/downloads/EmblyFiles/Movies/The.Tomorrow.War..2160p.AMZN.WEB-DL.x265.10bit.HDR10Plus.DDP5... (2021)/The.Tomorrow.War.2021.HDR.2160p.WEB.H265-NAISU/Sample/the.tomorrow.war.2021.hdr.2160p.web.h265-naisu-sample.mkv) error: No such file or directory"
(W) 2025-12-15T17:36:14 - File error alert. Torrent: "The.Tomorrow.War.2021.2160p.AMZN.WEB-DL.x265.10bit.HDR10Plus.DDP5.1-NAISU". File: "/downloads/EmblyFiles/Movies/The.Tomorrow.War..2160p.AMZN.WEB-DL.x265.10bit.HDR10Plus.DDP5... (2021)/The.Tomorrow.War.2021.HDR.2160p.WEB.H265-NAISU/Sample/the.tomorrow.war.2021.hdr.2160p.web.h265-naisu-sample.mkv". Reason: "The.Tomorrow.War.2021.HDR.2160p.WEB.H265-NAISU file_open (/downloads/EmblyFiles/Movies/The.Tomorrow.War..2160p.AMZN.WEB-DL.x265.10bit.HDR10Plus.DDP5... (2021)/The.Tomorrow.War.2021.HDR.2160p.WEB.H265-NAISU/Sample/the.tomorrow.war.2021.hdr.2160p.web.h265-naisu-sample.mkv) error: No such file or directory"
(W) 2025-12-15T17:37:16 - File error alert. Torrent: "The.Tomorrow.War.2021.2160p.AMZN.WEB-DL.x265.10bit.HDR10Plus.DDP5.1-NAISU". File: "/downloads/EmblyFiles/Movies/The.Tomorrow.War..2160p.AMZN.WEB-DL.x265.10bit.HDR10Plus.DDP5... (2021)/The.Tomorrow.War.2021.HDR.2160p.WEB.H265-NAISU/Sample/the.tomorrow.war.2021.hdr.2160p.web.h265-naisu-sample.mkv". Reason: "The.Tomorrow.War.2021.HDR.2160p.WEB.H265-NAISU file_open (/downloads/EmblyFiles/Movies/The.Tomorrow.War..2160p.AMZN.WEB-DL.x265.10bit.HDR10Plus.DDP5... (2021)/The.Tomorrow.War.2021.HDR.2160p.WEB.H265-NAISU/Sample/the.tomorrow.war.2021.hdr.2160p.web.h265-naisu-sample.mkv) error: No such file or directory"
(W) 2025-12-15T17:37:56 - File error alert. Torrent: "The.Tomorrow.War.2021.2160p.AMZN.WEB-DL.x265.10bit.HDR10Plus.DDP5.1-NAISU". File: "/downloads/EmblyFiles/Movies/The.Tomorrow.War..2160p.AMZN.WEB-DL.x265.10bit.HDR10Plus.DDP5... (2021)/The.Tomorrow.War.2021.HDR.2160p.WEB.H265-NAISU/Sample/the.tomorrow.war.2021.hdr.2160p.web.h265-naisu-sample.mkv". Reason: "The.Tomorrow.War.2021.HDR.2160p.WEB.H265-NAISU file_open (/downloads/EmblyFiles/Movies/The.Tomorrow.War..2160p.AMZN.WEB-DL.x265.10bit.HDR10Plus.DDP5... (2021)/The.Tomorrow.War.2021.HDR.2160p.WEB.H265-NAISU/Sample/the.tomorrow.war.2021.hdr.2160p.web.h265-naisu-sample.mkv) error: No such file or directory"
(N) 2025-12-15T17:38:05 - WebAPI login success. IP: ::ffff:172.20.0.3
(N) 2025-12-15T17:38:05 - Added new torrent. Torrent: "Damsel  (2024) UpScaled 2160p H265 WebDl Rip 10 bit DV HDR10+ ita eng AC3 5.1 sub ita eng Licdom"
(N) 2025-12-15T17:39:19 - WebAPI login success. IP: ::ffff:172.20.0.1
(N) 2025-12-15T17:41:41 - WebAPI login success. IP: ::ffff:172.20.0.3
(N) 2025-12-15T17:41:41 - Added new torrent. Torrent: "Warcraft - L&#039;inizio (2016) UpScaled 2160p H265 BluRay Rip 10 bit DV HDR10+ ita eng AC3 5.1 sub ita eng NUeng Licdom"
(W) 2025-12-15T17:43:41 - File error alert. Torrent: "The.Tomorrow.War.2021.2160p.AMZN.WEB-DL.x265.10bit.HDR10Plus.DDP5.1-NAISU". File: "/downloads/EmblyFiles/Movies/The.Tomorrow.War..2160p.AMZN.WEB-DL.x265.10bit.HDR10Plus.DDP5... (2021)/The.Tomorrow.War.2021.HDR.2160p.WEB.H265-NAISU/Sample/the.tomorrow.war.2021.hdr.2160p.web.h265-naisu-sample.mkv". Reason: "The.Tomorrow.War.2021.HDR.2160p.WEB.H265-NAISU file_open (/downloads/EmblyFiles/Movies/The.Tomorrow.War..2160p.AMZN.WEB-DL.x265.10bit.HDR10Plus.DDP5... (2021)/The.Tomorrow.War.2021.HDR.2160p.WEB.H265-NAISU/Sample/the.tomorrow.war.2021.hdr.2160p.web.h265-naisu-sample.mkv) error: No such file or directory"
(W) 2025-12-15T17:43:49 - File error alert. Torrent: "The.Tomorrow.War.2021.2160p.AMZN.WEB-DL.x265.10bit.HDR10Plus.DDP5.1-NAISU". File: "/downloads/EmblyFiles/Movies/The.Tomorrow.War..2160p.AMZN.WEB-DL.x265.10bit.HDR10Plus.DDP5... (2021)/The.Tomorrow.War.2021.HDR.2160p.WEB.H265-NAISU/Sample/the.tomorrow.war.2021.hdr.2160p.web.h265-naisu-sample.mkv". Reason: "The.Tomorrow.War.2021.HDR.2160p.WEB.H265-NAISU file_open (/downloads/EmblyFiles/Movies/The.Tomorrow.War..2160p.AMZN.WEB-DL.x265.10bit.HDR10Plus.DDP5... (2021)/The.Tomorrow.War.2021.HDR.2160p.WEB.H265-NAISU/Sample/the.tomorrow.war.2021.hdr.2160p.web.h265-naisu-sample.mkv) error: No such file or directory"
(N) 2025-12-15T17:44:20 - Torrent removed. Torrent: "The.Tomorrow.War.2021.2160p.AMZN.WEB-DL.x265.10bit.HDR10Plus.DDP5.1-NAISU"
(N) 2025-12-15T17:49:01 - Torrent removed. Torrent: "Geostorm (2017) [1080p] [YTS] [YIFY]"
(N) 2025-12-15T17:49:01 - Torrent removed. Torrent: "The Hunger Games: Mockingjay - Part 1 (2014) 1080p BrRip x264 - YIFY"
(N) 2025-12-15T17:49:01 - Torrent removed. Torrent: "Cruella.2021.2160p.DSNP.WEB-DL.x265.10bit.HDR.DDP5.1.Atmos-CM"
(I) 2025-12-15T17:49:53 - Found Python executable. Name: "python3". Version: "3.12.12"
(N) 2025-12-15T18:14:15 - Torrent download finished. Torrent: "Warcraft - L&#039;inizio (2016) UpScaled 2160p H265 BluRay Rip 10 bit DV HDR10+ ita eng AC3 5.1 sub ita eng NUeng Licdom"
(N) 2025-12-15T18:26:00 - Torrent stopped. Torrent: "Warcraft - L&#039;inizio (2016) UpScaled 2160p H265 BluRay Rip 10 bit DV HDR10+ ita eng AC3 5.1 sub ita eng NUeng Licdom"
(N) 2025-12-15T18:26:00 - Torrent reached the seeding time limit. Torrent stopped. Torrent: "Warcraft - L&#039;inizio (2016) UpScaled 2160p H265 BluRay Rip 10 bit DV HDR10+ ita eng AC3 5.1 sub ita eng NUeng Licdom".
(N) 2025-12-15T18:28:03 - Torrent download finished. Torrent: "The Hunger Games - Catching Fire (2013) (2160p BluRay x265 HEVC 10bit HDR AAC 7.1 Tigole) [QxR]"
(N) 2025-12-15T18:38:20 - Torrent stopped. Torrent: "The Hunger Games - Catching Fire (2013) (2160p BluRay x265 HEVC 10bit HDR AAC 7.1 Tigole) [QxR]"
(N) 2025-12-15T18:38:20 - Torrent reached the seeding time limit. Torrent stopped. Torrent: "The Hunger Games - Catching Fire (2013) (2160p BluRay x265 HEVC 10bit HDR AAC 7.1 Tigole) [QxR]".
(N) 2025-12-15T18:56:33 - Torrent download finished. Torrent: "Damsel  (2024) UpScaled 2160p H265 WebDl Rip 10 bit DV HDR10+ ita eng AC3 5.1 sub ita eng Licdom"
(N) 2025-12-15T19:07:10 - Torrent stopped. Torrent: "Damsel  (2024) UpScaled 2160p H265 WebDl Rip 10 bit DV HDR10+ ita eng AC3 5.1 sub ita eng Licdom"
(N) 2025-12-15T19:07:10 - Torrent reached the seeding time limit. Torrent stopped. Torrent: "Damsel  (2024) UpScaled 2160p H265 WebDl Rip 10 bit DV HDR10+ ita eng AC3 5.1 sub ita eng Licdom".
(N) 2025-12-15T20:10:31 - Torrent download finished. Torrent: "The Hunger Games Mockingjay Part 2 2015 UHD BluRay 2160p DV HEVC TrueHD Atmos 7 1-E"
(N) 2025-12-15T20:21:20 - Torrent stopped. Torrent: "The Hunger Games Mockingjay Part 2 2015 UHD BluRay 2160p DV HEVC TrueHD Atmos 7 1-E"
(N) 2025-12-15T20:21:20 - Torrent reached the seeding time limit. Torrent stopped. Torrent: "The Hunger Games Mockingjay Part 2 2015 UHD BluRay 2160p DV HEVC TrueHD Atmos 7 1-E".
(N) 2025-12-15T21:10:03 - Torrent download finished. Torrent: "The Hunger Games 2012 UHD BluRay 2160p DV HEVC TrueHD Atmos 7 1-E"
(N) 2025-12-15T21:20:10 - Torrent stopped. Torrent: "The Hunger Games 2012 UHD BluRay 2160p DV HEVC TrueHD Atmos 7 1-E"
(N) 2025-12-15T21:20:10 - Torrent reached the seeding time limit. Torrent stopped. Torrent: "The Hunger Games 2012 UHD BluRay 2160p DV HEVC TrueHD Atmos 7 1-E".
(N) 2025-12-15T23:56:36 - WebAPI login success. IP: ::ffff:172.20.0.3
(N) 2025-12-15T23:56:37 - Added new torrent. Torrent: "Avatar.The.Way.of.Water.2022.2160p.UHD.CAM.x265.AAC-AOC"
(N) 2025-12-15T23:59:39 - WebAPI login success. IP: ::ffff:172.20.0.3
(N) 2025-12-15T23:59:39 - Added new torrent. Torrent: "Chainsaw Man The Movie Reze Arc 2025 1080p AMZN WEBRip DUAL AAC5.1 x265-Jadoo"
(N) 2025-12-16T00:02:54 - Torrent download finished. Torrent: "Chainsaw Man The Movie Reze Arc 2025 1080p AMZN WEBRip DUAL AAC5.1 x265-Jadoo"
(N) 2025-12-16T00:13:00 - Torrent stopped. Torrent: "Chainsaw Man The Movie Reze Arc 2025 1080p AMZN WEBRip DUAL AAC5.1 x265-Jadoo"
(N) 2025-12-16T00:13:00 - Torrent reached the seeding time limit. Torrent stopped. Torrent: "Chainsaw Man The Movie Reze Arc 2025 1080p AMZN WEBRip DUAL AAC5.1 x265-Jadoo".
(N) 2025-12-16T00:52:49 - WebAPI login success. IP: ::ffff:172.20.0.3
(N) 2025-12-16T00:52:49 - Added new torrent. Torrent: "Avatar (2009) Extended (2160p BluRay x265 HEVC 10bit HDR AAC 5.1 Tigole) [QxR]"
(N) 2025-12-16T00:56:31 - WebAPI login success. IP: ::ffff:172.20.0.3
(N) 2025-12-16T00:56:31 - Added new torrent. Torrent: "Rebel.Moon.Part.One.A.Child.of.Fire.2023.2160p.NF.WEB-DL.DDP5.1.Atmos.HDR.H.265-HHWEB[TGx]"
(N) 2025-12-16T00:58:21 - WebAPI login success. IP: ::ffff:172.20.0.3
(N) 2025-12-16T00:58:21 - Added new torrent. Torrent: "Rebel.Moon.Part.Two.The.Scargiver.2024.2160p.NF.WEB-DL.DDP5.1.Atmos.DV.HDR.H.265-FLUX[TGx]"
(N) 2025-12-16T01:03:25 - WebAPI login success. IP: ::ffff:172.20.0.3
(N) 2025-12-16T01:03:25 - Added new torrent. Torrent: "The Electric State (2025) 2160p H265 WebDl Rip 10 bit DV HDR10+ ita eng AC3 5.1 sub ita eng NUita NUeng Licdom"
(N) 2025-12-16T01:06:38 - WebAPI login success. IP: ::ffff:172.20.0.3
(N) 2025-12-16T01:06:38 - Added new torrent. Torrent: "Il Signore degli Anelli - La compagnia dell&#039;anello - The Lord of the Rings: The Fellowship of the Ring - EXTENDED (2001) 2160p H265 BluRay Rip 10 bit DV HDR10+ ita eng AC3 5.1 sub ita eng Licdom"
(N) 2025-12-16T01:07:37 - WebAPI login success. IP: ::ffff:172.20.0.3
(N) 2025-12-16T01:07:37 - Added new torrent. Torrent: "Il Signore degli Anelli - Le due torri - The Lord of the Rings: The Two Towers - EXTENDED (2002) 2160p H265 BluRay Rip 10 bit DV HDR10+ ita eng AC3 5.1 sub ita eng Licdom"
(N) 2025-12-16T01:09:25 - WebAPI login success. IP: ::ffff:172.20.0.3
(N) 2025-12-16T01:09:26 - Added new torrent. Torrent: "Il Signore degli Anelli - Il ritorno del re - The Lord of the Rings: The Return of the King - EXTENDED (2003) 2160p H265 BluRay Rip 10 bit DV HDR10+ ita eng AC3 5.1 sub ita eng Licdom"
(N) 2025-12-16T01:49:21 - Torrent download finished. Torrent: "Avatar (2009) Extended (2160p BluRay x265 HEVC 10bit HDR AAC 5.1 Tigole) [QxR]"
(N) 2025-12-16T02:21:13 - WebAPI login success. IP: ::ffff:172.20.0.1
(N) 2025-12-16T02:31:14 - Torrent download finished. Torrent: "The Electric State (2025) 2160p H265 WebDl Rip 10 bit DV HDR10+ ita eng AC3 5.1 sub ita eng NUita NUeng Licdom"
(N) 2025-12-16T03:15:18 - Torrent download finished. Torrent: "Avatar.The.Way.of.Water.2022.2160p.UHD.CAM.x265.AAC-AOC"
(N) 2025-12-16T04:04:26 - Torrent download finished. Torrent: "Il Signore degli Anelli - La compagnia dell&#039;anello - The Lord of the Rings: The Fellowship of the Ring - EXTENDED (2001) 2160p H265 BluRay Rip 10 bit DV HDR10+ ita eng AC3 5.1 sub ita eng Licdom"
(N) 2025-12-16T04:15:00 - Torrent stopped. Torrent: "Il Signore degli Anelli - La compagnia dell&#039;anello - The Lord of the Rings: The Fellowship of the Ring - EXTENDED (2001) 2160p H265 BluRay Rip 10 bit DV HDR10+ ita eng AC3 5.1 sub ita eng Licdom"
(N) 2025-12-16T04:15:00 - Torrent reached the seeding time limit. Torrent stopped. Torrent: "Il Signore degli Anelli - La compagnia dell&#039;anello - The Lord of the Rings: The Fellowship of the Ring - EXTENDED (2001) 2160p H265 BluRay Rip 10 bit DV HDR10+ ita eng AC3 5.1 sub ita eng Licdom".
(N) 2025-12-16T04:25:10 - Torrent stopped. Torrent: "The Electric State (2025) 2160p H265 WebDl Rip 10 bit DV HDR10+ ita eng AC3 5.1 sub ita eng NUita NUeng Licdom"
(N) 2025-12-16T04:25:10 - Torrent reached the seeding time limit. Torrent stopped. Torrent: "The Electric State (2025) 2160p H265 WebDl Rip 10 bit DV HDR10+ ita eng AC3 5.1 sub ita eng NUita NUeng Licdom".
(N) 2025-12-16T04:37:20 - Torrent stopped. Torrent: "Avatar (2009) Extended (2160p BluRay x265 HEVC 10bit HDR AAC 5.1 Tigole) [QxR]"
(N) 2025-12-16T04:37:20 - Torrent reached the seeding time limit. Torrent stopped. Torrent: "Avatar (2009) Extended (2160p BluRay x265 HEVC 10bit HDR AAC 5.1 Tigole) [QxR]".
(N) 2025-12-16T04:45:20 - Torrent stopped. Torrent: "Avatar.The.Way.of.Water.2022.2160p.UHD.CAM.x265.AAC-AOC"
(N) 2025-12-16T04:45:20 - Torrent reached the seeding time limit. Torrent stopped. Torrent: "Avatar.The.Way.of.Water.2022.2160p.UHD.CAM.x265.AAC-AOC".
(N) 2025-12-16T05:41:45 - Torrent download finished. Torrent: "Il Signore degli Anelli - Il ritorno del re - The Lord of the Rings: The Return of the King - EXTENDED (2003) 2160p H265 BluRay Rip 10 bit DV HDR10+ ita eng AC3 5.1 sub ita eng Licdom"
(N) 2025-12-16T05:52:50 - Torrent stopped. Torrent: "Il Signore degli Anelli - Il ritorno del re - The Lord of the Rings: The Return of the King - EXTENDED (2003) 2160p H265 BluRay Rip 10 bit DV HDR10+ ita eng AC3 5.1 sub ita eng Licdom"
(N) 2025-12-16T05:52:50 - Torrent reached the seeding time limit. Torrent stopped. Torrent: "Il Signore degli Anelli - Il ritorno del re - The Lord of the Rings: The Return of the King - EXTENDED (2003) 2160p H265 BluRay Rip 10 bit DV HDR10+ ita eng AC3 5.1 sub ita eng Licdom".
(N) 2025-12-16T05:59:28 - Torrent download finished. Torrent: "Il Signore degli Anelli - Le due torri - The Lord of the Rings: The Two Towers - EXTENDED (2002) 2160p H265 BluRay Rip 10 bit DV HDR10+ ita eng AC3 5.1 sub ita eng Licdom"
(N) 2025-12-16T06:15:30 - Torrent stopped. Torrent: "Il Signore degli Anelli - Le due torri - The Lord of the Rings: The Two Towers - EXTENDED (2002) 2160p H265 BluRay Rip 10 bit DV HDR10+ ita eng AC3 5.1 sub ita eng Licdom"
(N) 2025-12-16T06:15:30 - Torrent reached the seeding time limit. Torrent stopped. Torrent: "Il Signore degli Anelli - Le due torri - The Lord of the Rings: The Two Towers - EXTENDED (2002) 2160p H265 BluRay Rip 10 bit DV HDR10+ ita eng AC3 5.1 sub ita eng Licdom".
(N) 2025-12-16T07:22:51 - WebAPI login success. IP: ::ffff:172.20.0.1
(N) 2025-12-16T18:25:01 - WebAPI login success. IP: ::ffff:172.20.0.1
(N) 2025-12-16T18:27:00 - Torrent removed. Torrent: "The Electric State (2025) 2160p H265 WebDl Rip 10 bit DV HDR10+ ita eng AC3 5.1 sub ita eng NUita NUeng Licdom"
(N) 2025-12-16T18:27:00 - Torrent removed. Torrent: "Il Signore degli Anelli - La compagnia dell&#039;anello - The Lord of the Rings: The Fellowship of the Ring - EXTENDED (2001) 2160p H265 BluRay Rip 10 bit DV HDR10+ ita eng AC3 5.1 sub ita eng Licdom"
(N) 2025-12-16T18:27:00 - Torrent removed. Torrent: "Avatar (2009) Extended (2160p BluRay x265 HEVC 10bit HDR AAC 5.1 Tigole) [QxR]"
(N) 2025-12-16T18:27:00 - Torrent removed. Torrent: "Avatar.The.Way.of.Water.2022.2160p.UHD.CAM.x265.AAC-AOC"
(N) 2025-12-16T18:27:00 - Torrent removed. Torrent: "Il Signore degli Anelli - Le due torri - The Lord of the Rings: The Two Towers - EXTENDED (2002) 2160p H265 BluRay Rip 10 bit DV HDR10+ ita eng AC3 5.1 sub ita eng Licdom"
(N) 2025-12-16T18:27:00 - Torrent removed. Torrent: "Warcraft - L&#039;inizio (2016) UpScaled 2160p H265 BluRay Rip 10 bit DV HDR10+ ita eng AC3 5.1 sub ita eng NUeng Licdom"
(N) 2025-12-16T18:27:00 - Torrent removed. Torrent: "Il Signore degli Anelli - Il ritorno del re - The Lord of the Rings: The Return of the King - EXTENDED (2003) 2160p H265 BluRay Rip 10 bit DV HDR10+ ita eng AC3 5.1 sub ita eng Licdom"
(N) 2025-12-16T18:27:00 - Torrent removed. Torrent: "Chainsaw Man The Movie Reze Arc 2025 1080p AMZN WEBRip DUAL AAC5.1 x265-Jadoo"
(N) 2025-12-16T18:27:00 - Torrent removed. Torrent: "The Hunger Games - Catching Fire (2013) (2160p BluRay x265 HEVC 10bit HDR AAC 7.1 Tigole) [QxR]"
(N) 2025-12-16T18:27:00 - Torrent removed. Torrent: "The Hunger Games 2012 UHD BluRay 2160p DV HEVC TrueHD Atmos 7 1-E"
(N) 2025-12-16T18:27:00 - Torrent removed. Torrent: "Damsel  (2024) UpScaled 2160p H265 WebDl Rip 10 bit DV HDR10+ ita eng AC3 5.1 sub ita eng Licdom"
(N) 2025-12-16T18:27:00 - Torrent removed. Torrent: "The Hunger Games Mockingjay Part 2 2015 UHD BluRay 2160p DV HEVC TrueHD Atmos 7 1-E"
(N) 2025-12-16T18:52:50 - WebAPI login success. IP: ::ffff:172.20.0.3
(N) 2025-12-16T18:52:50 - Added new torrent. Torrent: "The Old Guard (2020) [2160p] [4K] [WEBRip] [5.1] [YTS] [YIFY]"
(N) 2025-12-16T18:54:15 - WebAPI login success. IP: ::ffff:172.20.0.3
(N) 2025-12-16T18:54:15 - Added new torrent. Torrent: "The Old Guard 2 (2025) 2160p H265 WebDl Rip 10 bit DV HDR10+ ita eng AC3 5.1 sub ita eng Licdom"
(N) 2025-12-16T18:55:57 - Torrent stopped. Torrent: "The Old Guard (2020) [2160p] [4K] [WEBRip] [5.1] [YTS] [YIFY]"
(N) 2025-12-16T18:56:18 - WebAPI login success. IP: ::ffff:172.20.0.3
(N) 2025-12-16T18:56:18 - Added new torrent. Torrent: "The Old Guard (2020) 2160p H265 WebDl Rip 10 bit HDR ita eng AC3 5.1 sub ita eng Licdom"
(N) 2025-12-16T19:19:36 - Torrent download finished. Torrent: "Rebel.Moon.Part.Two.The.Scargiver.2024.2160p.NF.WEB-DL.DDP5.1.Atmos.DV.HDR.H.265-FLUX[TGx]"
(N) 2025-12-16T19:28:20 - Torrent download finished. Torrent: "The Old Guard 2 (2025) 2160p H265 WebDl Rip 10 bit DV HDR10+ ita eng AC3 5.1 sub ita eng Licdom"
(N) 2025-12-16T19:32:30 - Torrent stopped. Torrent: "Rebel.Moon.Part.Two.The.Scargiver.2024.2160p.NF.WEB-DL.DDP5.1.Atmos.DV.HDR.H.265-FLUX[TGx]"
(N) 2025-12-16T19:32:30 - Torrent reached the seeding time limit. Torrent stopped. Torrent: "Rebel.Moon.Part.Two.The.Scargiver.2024.2160p.NF.WEB-DL.DDP5.1.Atmos.DV.HDR.H.265-FLUX[TGx]".
(N) 2025-12-16T19:43:10 - Torrent stopped. Torrent: "The Old Guard 2 (2025) 2160p H265 WebDl Rip 10 bit DV HDR10+ ita eng AC3 5.1 sub ita eng Licdom"
(N) 2025-12-16T19:43:10 - Torrent reached the seeding time limit. Torrent stopped. Torrent: "The Old Guard 2 (2025) 2160p H265 WebDl Rip 10 bit DV HDR10+ ita eng AC3 5.1 sub ita eng Licdom".
(N) 2025-12-16T22:18:18 - Torrent removed. Torrent: "The Old Guard (2020) [2160p] [4K] [WEBRip] [5.1] [YTS] [YIFY]"
(N) 2025-12-16T22:25:06 - Torrent removed. Torrent: "The Old Guard 2 (2025) 2160p H265 WebDl Rip 10 bit DV HDR10+ ita eng AC3 5.1 sub ita eng Licdom"
(N) 2025-12-16T22:25:06 - Torrent removed. Torrent: "Rebel.Moon.Part.Two.The.Scargiver.2024.2160p.NF.WEB-DL.DDP5.1.Atmos.DV.HDR.H.265-FLUX[TGx]"
(N) 2025-12-16T23:09:58 - WebAPI login success. IP: ::ffff:172.20.0.3
(N) 2025-12-16T23:09:58 - Added new torrent. Torrent: "The Old Guard (2020) [2160p] [4K] [WEBRip] [5.1] [YTS] [YIFY]"
(N) 2025-12-16T23:10:24 - Torrent removed. Torrent: "The Old Guard (2020) 2160p H265 WebDl Rip 10 bit HDR ita eng AC3 5.1 sub ita eng Licdom"
(N) 2025-12-16T23:21:11 - WebAPI login success. IP: ::ffff:172.20.0.3
(N) 2025-12-16T23:21:11 - Detected an attempt to add a duplicate torrent. Source: magnet:?xt=urn:btih:DBA78B3C7428C0B34EAB3B26AE9E4DE4C278AB49&dn=Rebel.Moon.Part.One.A.Child.of.Fire.2023.2160p.NF.WEB-DL.DDP5.1.Atmos.HDR.H.265-HHWEB%5BTGx%5D&tr=udp%3A%2F%2Fopen.stealth.si%3A80%2Fannounce&tr=udp%3A%2F%2Ftracker.tiny-vps.com%3A6969%2Fannounce&tr=udp%3A%2F%2Ftracker.opentrackr.org%3A1337%2Fannounce&tr=udp%3A%2F%2Ftracker.torrent.eu.org%3A451%2Fannounce&tr=udp%3A%2F%2Fexplodie.org%3A6969%2Fannounce&tr=udp%3A%2F%2Ftracker.cyberia.is%3A6969%2Fannounce&tr=udp%3A%2F%2Fipv4.tracker.harry.lu%3A80%2Fannounce&tr=udp%3A%2F%2Fp4p.arenabg.com%3A1337%2Fannounce&tr=udp%3A%2F%2Ftracker.birkenwald.de%3A6969%2Fannounce&tr=udp%3A%2F%2Ftracker.moeking.me%3A6969%2Fannounce&tr=udp%3A%2F%2Fopentor.org%3A2710%2Fannounce&tr=udp%3A%2F%2Ftracker.dler.org%3A6969%2Fannounce&tr=udp%3A%2F%2Fuploads.gamecoast.net%3A6969%2Fannounce&tr=https%3A%2F%2Ftracker.foreverpirates.co%3A443%2Fannounce&tr=udp%3A%2F%2Ftracker.opentrackr.org%3A1337%2Fannounce&tr=http%3A%2F%2Ftracker.openbittorrent.com%3A80%2Fannounce&tr=udp%3A%2F%2Fopentracker.i2p.rocks%3A6969%2Fannounce&tr=udp%3A%2F%2Ftracker.internetwarriors.net%3A1337%2Fannounce&tr=udp%3A%2F%2Ftracker.leechers-paradise.org%3A6969%2Fannounce&tr=udp%3A%2F%2Fcoppersurfer.tk%3A6969%2Fannounce&tr=udp%3A%2F%2Ftracker.zer0day.to%3A1337%2Fannounce. Existing torrent: Rebel.Moon.Part.One.A.Child.of.Fire.2023.2160p.NF.WEB-DL.DDP5.1.Atmos.HDR.H.265-HHWEB[TGx]. Result: Merging of trackers is disabled
(N) 2025-12-16T23:34:55 - Torrent download finished. Torrent: "The Old Guard (2020) [2160p] [4K] [WEBRip] [5.1] [YTS] [YIFY]"
(N) 2025-12-16T23:45:00 - Torrent stopped. Torrent: "The Old Guard (2020) [2160p] [4K] [WEBRip] [5.1] [YTS] [YIFY]"
(N) 2025-12-16T23:45:00 - Torrent reached the seeding time limit. Torrent stopped. Torrent: "The Old Guard (2020) [2160p] [4K] [WEBRip] [5.1] [YTS] [YIFY]".
(N) 2025-12-17T00:22:24 - Torrent removed. Torrent: "Rebel.Moon.Part.One.A.Child.of.Fire.2023.2160p.NF.WEB-DL.DDP5.1.Atmos.HDR.H.265-HHWEB[TGx]"
(N) 2025-12-17T00:22:25 - Torrent content removed. Torrent: "Rebel.Moon.Part.One.A.Child.of.Fire.2023.2160p.NF.WEB-DL.DDP5.1.Atmos.HDR.H.265-HHWEB[TGx]"
(N) 2025-12-17T00:25:33 - WebAPI login success. IP: ::ffff:172.20.0.3
(N) 2025-12-17T00:25:33 - Added new torrent. Torrent: "Rebel.Moon.Part.One.A.Child.of.Fire.2023.1080p.NF.WEBRip.1600MB.DD5.1.x264-GalaxyRG"
(N) 2025-12-17T00:30:39 - Torrent download finished. Torrent: "Rebel.Moon.Part.One.A.Child.of.Fire.2023.1080p.NF.WEBRip.1600MB.DD5.1.x264-GalaxyRG"
(N) 2025-12-17T00:38:55 - WebAPI login success. IP: ::ffff:172.20.0.3
(N) 2025-12-17T00:38:55 - Added new torrent. Torrent: "The.Crow.2024.2160p.HDR10Plus.DV.WEBRip.6CH.x265.HEVC-PSA"
(N) 2025-12-17T00:40:50 - Torrent stopped. Torrent: "Rebel.Moon.Part.One.A.Child.of.Fire.2023.1080p.NF.WEBRip.1600MB.DD5.1.x264-GalaxyRG"
(N) 2025-12-17T00:40:50 - Torrent reached the seeding time limit. Torrent stopped. Torrent: "Rebel.Moon.Part.One.A.Child.of.Fire.2023.1080p.NF.WEBRip.1600MB.DD5.1.x264-GalaxyRG".
(N) 2025-12-17T00:45:02 - Torrent removed. Torrent: "The.Crow.2024.2160p.HDR10Plus.DV.WEBRip.6CH.x265.HEVC-PSA"
(N) 2025-12-17T00:45:02 - Torrent content removed. Torrent: "The.Crow.2024.2160p.HDR10Plus.DV.WEBRip.6CH.x265.HEVC-PSA"
(N) 2025-12-17T00:45:32 - WebAPI login success. IP: ::ffff:172.20.0.3
(N) 2025-12-17T00:45:32 - Added new torrent. Torrent: "The.Crow.2024.HDR.2160p.WEB.H265-SLOT[TGx]"
(N) 2025-12-17T01:24:06 - Torrent download finished. Torrent: "The.Crow.2024.HDR.2160p.WEB.H265-SLOT[TGx]"
(N) 2025-12-17T01:25:03 - Torrent removed. Torrent: "The.Crow.2024.HDR.2160p.WEB.H265-SLOT[TGx]"
(N) 2025-12-17T01:25:11 - Torrent removed. Torrent: "The Old Guard (2020) [2160p] [4K] [WEBRip] [5.1] [YTS] [YIFY]"
(N) 2025-12-17T01:25:11 - Torrent removed. Torrent: "Rebel.Moon.Part.One.A.Child.of.Fire.2023.1080p.NF.WEBRip.1600MB.DD5.1.x264-GalaxyRG"
(N) 2025-12-17T01:25:43 - qBittorrent termination initiated
(N) 2025-12-17T01:25:44 - Saving resume data completed.
(N) 2025-12-17T01:25:44 - BitTorrent session successfully finished.
(N) 2025-12-17T01:25:44 - qBittorrent is now ready to exit
